28.03.2021 09:02:04 
Array
(
    [pricerange] => 123456-167028
    [currentstage] => EC
    [customerregion] => 02
    [daterange] => 28.12.2020-28.03.2021
    [productsearchlist] => озеленение,Кран,блок,строительство,реконструкция,застройка,благоустройство,жилого помещения,жилого помещения для детей,ремонт зданий,дорожные работы,капитальное строительство,ремонт дорог
    [sort] => -signDate
    [perpage] => 1
)

28.03.2021 09:02:21 
Array
(
    [pricerange] => 569266-770183
    [currentstage] => EC
    [customerregion] => 20
    [daterange] => 28.12.2020-28.03.2021
    [productsearchlist] => ПК,Компьютеры,принтер,программа,программирования,python,цифровая,бизнес-процесс,1с,базы данных,интернет вещей,блокчейн,сервер,компьютерного оборудования,провайдер,информационно-коммуникационной,компьютерный класс
    [sort] => -signDate
    [perpage] => 1
)

28.03.2021 09:02:56 
Array
(
    [pricerange] => 316259-427880
    [currentstage] => EC
    [customerregion] => 20
    [daterange] => 28.12.2020-28.03.2021
    [productsearchlist] => ПК,Компьютеры,принтер,программа,программирования,python,цифровая,бизнес-процесс,1с,базы данных,интернет вещей,блокчейн,сервер,компьютерного оборудования,провайдер,информационно-коммуникационной,компьютерный класс
    [sort] => -signDate
    [perpage] => 1
)

28.03.2021 09:03:40 
Array
(
    [pricerange] => 316259-427880
    [currentstage] => EC
    [customerregion] => 92
    [daterange] => 28.12.2020-28.03.2021
    [productsearchlist] => ПК,Компьютеры,принтер,программа,программирования,python,цифровая,бизнес-процесс,1с,базы данных,интернет вещей,блокчейн,сервер,компьютерного оборудования,провайдер,информационно-коммуникационной,компьютерный класс
    [sort] => -signDate
    [perpage] => 1
)

28.03.2021 09:03:49 
Array
(
    [pricerange] => 222220-300650
    [currentstage] => EC
    [customerregion] => 02
    [daterange] => 28.12.2020-28.03.2021
    [productsearchlist] => 
    [sort] => -signDate
    [perpage] => 1
)

28.03.2021 09:05:38 
Array
(
    [pricerange] => 349790-473245
    [currentstage] => EC
    [customerregion] => 22
    [daterange] => 28.12.2020-28.03.2021
    [productsearchlist] => Больница,ИВЛ,Лекартства,УЗИ,медицинские,медоборудование,медицинского учреждения,лекарственных,пробирок,препаратов,инсулин,медицинских изделий,диабета,кардиохирургии,хирургии,рентгеновского,томограф,ЖНВЛП,жизнено важных,жизненоважных,протезов,имплантов
    [sort] => -signDate
    [perpage] => 1
)

28.03.2021 09:21:30 
Array
(
    [pricerange] => 316259-427880
    [currentstage] => EC
    [customerregion] => 92
    [daterange] => 28.12.2020-28.03.2021
    [productsearchlist] => ПК,Компьютеры,принтер,программа,программирования,python,цифровая,бизнес-процесс,1с,базы данных,интернет вещей,блокчейн,сервер,компьютерного оборудования,провайдер,информационно-коммуникационной,компьютерный класс
    [sort] => -signDate
    [perpage] => 1
)

28.03.2021 09:22:23 
Array
(
    [pricerange] => 308638-417569
    [currentstage] => EC
    [customerregion] => 89
    [daterange] => 28.12.2020-28.03.2021
    [productsearchlist] => ПК,Компьютеры,принтер,программа,программирования,python,цифровая,бизнес-процесс,1с,базы данных,интернет вещей,блокчейн,сервер,компьютерного оборудования,провайдер,информационно-коммуникационной,компьютерный класс
    [sort] => -signDate
    [perpage] => 1
)

28.03.2021 09:22:58 
Array
(
    [pricerange] => 308638-417569
    [currentstage] => EC
    [customerregion] => 87
    [daterange] => 28.12.2020-28.03.2021
    [productsearchlist] => ПК,Компьютеры,принтер,программа,программирования,python,цифровая,бизнес-процесс,1с,базы данных,интернет вещей,блокчейн,сервер,компьютерного оборудования,провайдер,информационно-коммуникационной,компьютерный класс
    [sort] => -signDate
    [perpage] => 1
)

28.03.2021 09:23:46 
Array
(
    [pricerange] => 308638-417569
    [currentstage] => EC
    [customerregion] => 86
    [daterange] => 28.12.2020-28.03.2021
    [productsearchlist] => ПК,Компьютеры,принтер,программа,программирования,python,цифровая,бизнес-процесс,1с,базы данных,интернет вещей,блокчейн,сервер,компьютерного оборудования,провайдер,информационно-коммуникационной,компьютерный класс
    [sort] => -signDate
    [perpage] => 1
)

28.03.2021 09:25:04 
Array
(
    [pricerange] => 308638-417569
    [currentstage] => EC
    [customerregion] => 83
    [daterange] => 28.12.2020-28.03.2021
    [productsearchlist] => ПК,Компьютеры,принтер,программа,программирования,python,цифровая,бизнес-процесс,1с,базы данных,интернет вещей,блокчейн,сервер,компьютерного оборудования,провайдер,информационно-коммуникационной,компьютерный класс
    [sort] => -signDate
    [perpage] => 1
)

28.03.2021 09:25:28 
Array
(
    [pricerange] => 308638-417569
    [currentstage] => EC
    [customerregion] => 91
    [daterange] => 28.12.2020-28.03.2021
    [productsearchlist] => ПК,Компьютеры,принтер,программа,программирования,python,цифровая,бизнес-процесс,1с,базы данных,интернет вещей,блокчейн,сервер,компьютерного оборудования,провайдер,информационно-коммуникационной,компьютерный класс
    [sort] => -signDate
    [perpage] => 1
)

28.03.2021 09:26:28 
Array
(
    [pricerange] => 308638-417569
    [currentstage] => EC
    [customerregion] => 83
    [daterange] => 28.12.2020-28.03.2021
    [productsearchlist] => Больница,ИВЛ,Лекартства,УЗИ,медицинские,медоборудование,медицинского учреждения,лекарственных,пробирок,препаратов,инсулин,медицинских изделий,диабета,кардиохирургии,хирургии,рентгеновского,томограф,ЖНВЛП,жизнено важных,жизненоважных,протезов,имплантов
    [sort] => -signDate
    [perpage] => 1
)

28.03.2021 09:27:05 
Array
(
    [pricerange] => 123456-167028
    [currentstage] => EC
    [customerregion] => 75
    [daterange] => 28.12.2020-28.03.2021
    [productsearchlist] => озеленение,Кран,блок,строительство,реконструкция,застройка,благоустройство,жилого помещения,жилого помещения для детей,ремонт зданий,дорожные работы,капитальное строительство,ремонт дорог
    [sort] => -signDate
    [perpage] => 1
)

28.03.2021 09:27:29 
Array
(
    [pricerange] => 308638-417569
    [currentstage] => EC
    [customerregion] => 79
    [daterange] => 28.12.2020-28.03.2021
    [productsearchlist] => Больница,ИВЛ,Лекартства,УЗИ,медицинские,медоборудование,медицинского учреждения,лекарственных,пробирок,препаратов,инсулин,медицинских изделий,диабета,кардиохирургии,хирургии,рентгеновского,томограф,ЖНВЛП,жизнено важных,жизненоважных,протезов,имплантов
    [sort] => -signDate
    [perpage] => 1
)

28.03.2021 09:27:46 
Array
(
    [pricerange] => 308638-417569
    [currentstage] => EC
    [customerregion] => 78
    [daterange] => 28.12.2020-28.03.2021
    [productsearchlist] => Больница,ИВЛ,Лекартства,УЗИ,медицинские,медоборудование,медицинского учреждения,лекарственных,пробирок,препаратов,инсулин,медицинских изделий,диабета,кардиохирургии,хирургии,рентгеновского,томограф,ЖНВЛП,жизнено важных,жизненоважных,протезов,имплантов
    [sort] => -signDate
    [perpage] => 1
)

28.03.2021 09:27:59 
Array
(
    [pricerange] => 308638-417569
    [currentstage] => EC
    [customerregion] => 77
    [daterange] => 28.12.2020-28.03.2021
    [productsearchlist] => Больница,ИВЛ,Лекартства,УЗИ,медицинские,медоборудование,медицинского учреждения,лекарственных,пробирок,препаратов,инсулин,медицинских изделий,диабета,кардиохирургии,хирургии,рентгеновского,томограф,ЖНВЛП,жизнено важных,жизненоважных,протезов,имплантов
    [sort] => -signDate
    [perpage] => 1
)

28.03.2021 09:28:24 
Array
(
    [pricerange] => 308638-417569
    [currentstage] => EC
    [customerregion] => 76
    [daterange] => 28.12.2020-28.03.2021
    [productsearchlist] => ПК,Компьютеры,принтер,программа,программирования,python,цифровая,бизнес-процесс,1с,базы данных,интернет вещей,блокчейн,сервер,компьютерного оборудования,провайдер,информационно-коммуникационной,компьютерный класс
    [sort] => -signDate
    [perpage] => 1
)

28.03.2021 09:28:50 
Array
(
    [pricerange] => 308638-417569
    [currentstage] => EC
    [customerregion] => 75
    [daterange] => 28.12.2020-28.03.2021
    [productsearchlist] => ПК,Компьютеры,принтер,программа,программирования,python,цифровая,бизнес-процесс,1с,базы данных,интернет вещей,блокчейн,сервер,компьютерного оборудования,провайдер,информационно-коммуникационной,компьютерный класс
    [sort] => -signDate
    [perpage] => 1
)

28.03.2021 09:29:03 
Array
(
    [pricerange] => 308638-417569
    [currentstage] => EC
    [customerregion] => 74
    [daterange] => 28.12.2020-28.03.2021
    [productsearchlist] => ПК,Компьютеры,принтер,программа,программирования,python,цифровая,бизнес-процесс,1с,базы данных,интернет вещей,блокчейн,сервер,компьютерного оборудования,провайдер,информационно-коммуникационной,компьютерный класс
    [sort] => -signDate
    [perpage] => 1
)

28.03.2021 09:29:14 
Array
(
    [pricerange] => 308638-417569
    [currentstage] => EC
    [customerregion] => 73
    [daterange] => 28.12.2020-28.03.2021
    [productsearchlist] => ПК,Компьютеры,принтер,программа,программирования,python,цифровая,бизнес-процесс,1с,базы данных,интернет вещей,блокчейн,сервер,компьютерного оборудования,провайдер,информационно-коммуникационной,компьютерный класс
    [sort] => -signDate
    [perpage] => 1
)

28.03.2021 09:29:40 
Array
(
    [pricerange] => 308638-417569
    [currentstage] => EC
    [customerregion] => 72
    [daterange] => 28.12.2020-28.03.2021
    [productsearchlist] => ПК,Компьютеры,принтер,программа,программирования,python,цифровая,бизнес-процесс,1с,базы данных,интернет вещей,блокчейн,сервер,компьютерного оборудования,провайдер,информационно-коммуникационной,компьютерный класс
    [sort] => -signDate
    [perpage] => 1
)

28.03.2021 09:29:52 
Array
(
    [pricerange] => 308638-417569
    [currentstage] => EC
    [customerregion] => 71
    [daterange] => 28.12.2020-28.03.2021
    [productsearchlist] => ПК,Компьютеры,принтер,программа,программирования,python,цифровая,бизнес-процесс,1с,базы данных,интернет вещей,блокчейн,сервер,компьютерного оборудования,провайдер,информационно-коммуникационной,компьютерный класс
    [sort] => -signDate
    [perpage] => 1
)

28.03.2021 09:30:13 
Array
(
    [pricerange] => 308638-417569
    [currentstage] => EC
    [customerregion] => 70
    [daterange] => 28.12.2020-28.03.2021
    [productsearchlist] => ПК,Компьютеры,принтер,программа,программирования,python,цифровая,бизнес-процесс,1с,базы данных,интернет вещей,блокчейн,сервер,компьютерного оборудования,провайдер,информационно-коммуникационной,компьютерный класс
    [sort] => -signDate
    [perpage] => 1
)

28.03.2021 09:30:36 
Array
(
    [pricerange] => 308638-417569
    [currentstage] => EC
    [customerregion] => 69
    [daterange] => 28.12.2020-28.03.2021
    [productsearchlist] => ПК,Компьютеры,принтер,программа,программирования,python,цифровая,бизнес-процесс,1с,базы данных,интернет вещей,блокчейн,сервер,компьютерного оборудования,провайдер,информационно-коммуникационной,компьютерный класс
    [sort] => -signDate
    [perpage] => 1
)

28.03.2021 09:30:59 
Array
(
    [pricerange] => 308638-417569
    [currentstage] => EC
    [customerregion] => 68
    [daterange] => 28.12.2020-28.03.2021
    [productsearchlist] => ПК,Компьютеры,принтер,программа,программирования,python,цифровая,бизнес-процесс,1с,базы данных,интернет вещей,блокчейн,сервер,компьютерного оборудования,провайдер,информационно-коммуникационной,компьютерный класс
    [sort] => -signDate
    [perpage] => 1
)

28.03.2021 09:31:12 
Array
(
    [pricerange] => 308638-417569
    [currentstage] => EC
    [customerregion] => 67
    [daterange] => 28.12.2020-28.03.2021
    [productsearchlist] => Больница,ИВЛ,Лекартства,УЗИ,медицинские,медоборудование,медицинского учреждения,лекарственных,пробирок,препаратов,инсулин,медицинских изделий,диабета,кардиохирургии,хирургии,рентгеновского,томограф,ЖНВЛП,жизнено важных,жизненоважных,протезов,имплантов
    [sort] => -signDate
    [perpage] => 1
)

28.03.2021 09:31:31 
Array
(
    [pricerange] => 308638-417569
    [currentstage] => EC
    [customerregion] => 66
    [daterange] => 28.12.2020-28.03.2021
    [productsearchlist] => Станок,производство,объект инфраструктуры,производственный процесс,умное производство,производственное оборудование,производственных объектов,чпу,токарный станок,оборудование для производства,фрезерный станок,атомный
    [sort] => -signDate
    [perpage] => 1
)

28.03.2021 09:31:56 
Array
(
    [pricerange] => 308638-417569
    [currentstage] => EC
    [customerregion] => 65
    [daterange] => 28.12.2020-28.03.2021
    [productsearchlist] => ПК,Компьютеры,принтер,программа,программирования,python,цифровая,бизнес-процесс,1с,базы данных,интернет вещей,блокчейн,сервер,компьютерного оборудования,провайдер,информационно-коммуникационной,компьютерный класс
    [sort] => -signDate
    [perpage] => 1
)

28.03.2021 09:32:22 
Array
(
    [pricerange] => 308638-417569
    [currentstage] => EC
    [customerregion] => 64
    [daterange] => 28.12.2020-28.03.2021
    [productsearchlist] => ПК,Компьютеры,принтер,программа,программирования,python,цифровая,бизнес-процесс,1с,базы данных,интернет вещей,блокчейн,сервер,компьютерного оборудования,провайдер,информационно-коммуникационной,компьютерный класс
    [sort] => -signDate
    [perpage] => 1
)

28.03.2021 09:32:42 
Array
(
    [pricerange] => 308638-417569
    [currentstage] => EC
    [customerregion] => 63
    [daterange] => 28.12.2020-28.03.2021
    [productsearchlist] => Станок,производство,объект инфраструктуры,производственный процесс,умное производство,производственное оборудование,производственных объектов,чпу,токарный станок,оборудование для производства,фрезерный станок,атомный
    [sort] => -signDate
    [perpage] => 1
)

28.03.2021 09:33:15 
Array
(
    [pricerange] => 308638-417569
    [currentstage] => EC
    [customerregion] => 62
    [daterange] => 28.12.2020-28.03.2021
    [productsearchlist] => ПК,Компьютеры,принтер,программа,программирования,python,цифровая,бизнес-процесс,1с,базы данных,интернет вещей,блокчейн,сервер,компьютерного оборудования,провайдер,информационно-коммуникационной,компьютерный класс
    [sort] => -signDate
    [perpage] => 1
)

28.03.2021 09:33:28 
Array
(
    [pricerange] => 308638-417569
    [currentstage] => EC
    [customerregion] => 61
    [daterange] => 28.12.2020-28.03.2021
    [productsearchlist] => ПК,Компьютеры,принтер,программа,программирования,python,цифровая,бизнес-процесс,1с,базы данных,интернет вещей,блокчейн,сервер,компьютерного оборудования,провайдер,информационно-коммуникационной,компьютерный класс
    [sort] => -signDate
    [perpage] => 1
)

28.03.2021 09:33:46 
Array
(
    [pricerange] => 308638-417569
    [currentstage] => EC
    [customerregion] => 60
    [daterange] => 28.12.2020-28.03.2021
    [productsearchlist] => ПК,Компьютеры,принтер,программа,программирования,python,цифровая,бизнес-процесс,1с,базы данных,интернет вещей,блокчейн,сервер,компьютерного оборудования,провайдер,информационно-коммуникационной,компьютерный класс
    [sort] => -signDate
    [perpage] => 1
)

28.03.2021 09:34:12 
Array
(
    [pricerange] => 308638-417569
    [currentstage] => EC
    [customerregion] => 59
    [daterange] => 28.12.2020-28.03.2021
    [productsearchlist] => ПК,Компьютеры,принтер,программа,программирования,python,цифровая,бизнес-процесс,1с,базы данных,интернет вещей,блокчейн,сервер,компьютерного оборудования,провайдер,информационно-коммуникационной,компьютерный класс
    [sort] => -signDate
    [perpage] => 1
)

28.03.2021 09:34:38 
Array
(
    [pricerange] => 308638-417569
    [currentstage] => EC
    [customerregion] => 58
    [daterange] => 28.12.2020-28.03.2021
    [productsearchlist] => Больница,ИВЛ,Лекартства,УЗИ,медицинские,медоборудование,медицинского учреждения,лекарственных,пробирок,препаратов,инсулин,медицинских изделий,диабета,кардиохирургии,хирургии,рентгеновского,томограф,ЖНВЛП,жизнено важных,жизненоважных,протезов,имплантов
    [sort] => -signDate
    [perpage] => 1
)

28.03.2021 09:35:03 
Array
(
    [pricerange] => 308638-417569
    [currentstage] => EC
    [customerregion] => 57
    [daterange] => 28.12.2020-28.03.2021
    [productsearchlist] => ПК,Компьютеры,принтер,программа,программирования,python,цифровая,бизнес-процесс,1с,базы данных,интернет вещей,блокчейн,сервер,компьютерного оборудования,провайдер,информационно-коммуникационной,компьютерный класс
    [sort] => -signDate
    [perpage] => 1
)

28.03.2021 09:35:21 
Array
(
    [pricerange] => 308638-417569
    [currentstage] => EC
    [customerregion] => 55
    [daterange] => 28.12.2020-28.03.2021
    [productsearchlist] => ПК,Компьютеры,принтер,программа,программирования,python,цифровая,бизнес-процесс,1с,базы данных,интернет вещей,блокчейн,сервер,компьютерного оборудования,провайдер,информационно-коммуникационной,компьютерный класс
    [sort] => -signDate
    [perpage] => 1
)

28.03.2021 09:35:29 
Array
(
    [pricerange] => 308638-417569
    [currentstage] => EC
    [customerregion] => 54
    [daterange] => 28.12.2020-28.03.2021
    [productsearchlist] => ПК,Компьютеры,принтер,программа,программирования,python,цифровая,бизнес-процесс,1с,базы данных,интернет вещей,блокчейн,сервер,компьютерного оборудования,провайдер,информационно-коммуникационной,компьютерный класс
    [sort] => -signDate
    [perpage] => 1
)

28.03.2021 09:35:47 
Array
(
    [pricerange] => 308638-417569
    [currentstage] => EC
    [customerregion] => 53
    [daterange] => 28.12.2020-28.03.2021
    [productsearchlist] => ПК,Компьютеры,принтер,программа,программирования,python,цифровая,бизнес-процесс,1с,базы данных,интернет вещей,блокчейн,сервер,компьютерного оборудования,провайдер,информационно-коммуникационной,компьютерный класс
    [sort] => -signDate
    [perpage] => 1
)

28.03.2021 09:35:55 
Array
(
    [pricerange] => 308638-417569
    [currentstage] => EC
    [customerregion] => 52
    [daterange] => 28.12.2020-28.03.2021
    [productsearchlist] => ПК,Компьютеры,принтер,программа,программирования,python,цифровая,бизнес-процесс,1с,базы данных,интернет вещей,блокчейн,сервер,компьютерного оборудования,провайдер,информационно-коммуникационной,компьютерный класс
    [sort] => -signDate
    [perpage] => 1
)

28.03.2021 09:36:06 
Array
(
    [pricerange] => 308638-417569
    [currentstage] => EC
    [customerregion] => 51
    [daterange] => 28.12.2020-28.03.2021
    [productsearchlist] => ПК,Компьютеры,принтер,программа,программирования,python,цифровая,бизнес-процесс,1с,базы данных,интернет вещей,блокчейн,сервер,компьютерного оборудования,провайдер,информационно-коммуникационной,компьютерный класс
    [sort] => -signDate
    [perpage] => 1
)

28.03.2021 09:36:17 
Array
(
    [pricerange] => 308638-417569
    [currentstage] => EC
    [customerregion] => 50
    [daterange] => 28.12.2020-28.03.2021
    [productsearchlist] => ПК,Компьютеры,принтер,программа,программирования,python,цифровая,бизнес-процесс,1с,базы данных,интернет вещей,блокчейн,сервер,компьютерного оборудования,провайдер,информационно-коммуникационной,компьютерный класс
    [sort] => -signDate
    [perpage] => 1
)

28.03.2021 09:36:34 
Array
(
    [pricerange] => 308638-417569
    [currentstage] => EC
    [customerregion] => 49
    [daterange] => 28.12.2020-28.03.2021
    [productsearchlist] => ПК,Компьютеры,принтер,программа,программирования,python,цифровая,бизнес-процесс,1с,базы данных,интернет вещей,блокчейн,сервер,компьютерного оборудования,провайдер,информационно-коммуникационной,компьютерный класс
    [sort] => -signDate
    [perpage] => 1
)

28.03.2021 09:36:42 
Array
(
    [pricerange] => 308638-417569
    [currentstage] => EC
    [customerregion] => 48
    [daterange] => 28.12.2020-28.03.2021
    [productsearchlist] => ПК,Компьютеры,принтер,программа,программирования,python,цифровая,бизнес-процесс,1с,базы данных,интернет вещей,блокчейн,сервер,компьютерного оборудования,провайдер,информационно-коммуникационной,компьютерный класс
    [sort] => -signDate
    [perpage] => 1
)

28.03.2021 09:37:00 
Array
(
    [pricerange] => 308638-417569
    [currentstage] => EC
    [customerregion] => 47
    [daterange] => 28.12.2020-28.03.2021
    [productsearchlist] => ПК,Компьютеры,принтер,программа,программирования,python,цифровая,бизнес-процесс,1с,базы данных,интернет вещей,блокчейн,сервер,компьютерного оборудования,провайдер,информационно-коммуникационной,компьютерный класс
    [sort] => -signDate
    [perpage] => 1
)

28.03.2021 09:37:26 
Array
(
    [pricerange] => 308638-417569
    [currentstage] => EC
    [customerregion] => 46
    [daterange] => 28.12.2020-28.03.2021
    [productsearchlist] => ПК,Компьютеры,принтер,программа,программирования,python,цифровая,бизнес-процесс,1с,базы данных,интернет вещей,блокчейн,сервер,компьютерного оборудования,провайдер,информационно-коммуникационной,компьютерный класс
    [sort] => -signDate
    [perpage] => 1
)

28.03.2021 09:37:34 
Array
(
    [pricerange] => 308638-417569
    [currentstage] => EC
    [customerregion] => 45
    [daterange] => 28.12.2020-28.03.2021
    [productsearchlist] => ПК,Компьютеры,принтер,программа,программирования,python,цифровая,бизнес-процесс,1с,базы данных,интернет вещей,блокчейн,сервер,компьютерного оборудования,провайдер,информационно-коммуникационной,компьютерный класс
    [sort] => -signDate
    [perpage] => 1
)

28.03.2021 09:37:51 
Array
(
    [pricerange] => 308638-417569
    [currentstage] => EC
    [customerregion] => 44
    [daterange] => 28.12.2020-28.03.2021
    [productsearchlist] => ПК,Компьютеры,принтер,программа,программирования,python,цифровая,бизнес-процесс,1с,базы данных,интернет вещей,блокчейн,сервер,компьютерного оборудования,провайдер,информационно-коммуникационной,компьютерный класс
    [sort] => -signDate
    [perpage] => 1
)

28.03.2021 09:38:00 
Array
(
    [pricerange] => 123456-167028
    [currentstage] => EC
    [customerregion] => 56
    [daterange] => 28.12.2020-28.03.2021
    [productsearchlist] => 
    [sort] => -signDate
    [perpage] => 1
)

28.03.2021 09:39:19 
Array
(
    [pricerange] => 130314-176307
    [currentstage] => EC
    [customerregion] => 45
    [daterange] => 28.12.2020-28.03.2021
    [productsearchlist] => ПК,Компьютеры,принтер,программа,программирования,python,цифровая,бизнес-процесс,1с,базы данных,интернет вещей,блокчейн,сервер,компьютерного оборудования,провайдер,информационно-коммуникационной,компьютерный класс
    [sort] => -signDate
    [perpage] => 1
)

28.03.2021 09:39:42 
Array
(
    [pricerange] => 130314-176307
    [currentstage] => EC
    [customerregion] => 44
    [daterange] => 28.12.2020-28.03.2021
    [productsearchlist] => ПК,Компьютеры,принтер,программа,программирования,python,цифровая,бизнес-процесс,1с,базы данных,интернет вещей,блокчейн,сервер,компьютерного оборудования,провайдер,информационно-коммуникационной,компьютерный класс
    [sort] => -signDate
    [perpage] => 1
)

28.03.2021 09:41:55 
Array
(
    [pricerange] => 205759-278380
    [currentstage] => EC
    [customerregion] => 45
    [daterange] => 28.12.2020-28.03.2021
    [productsearchlist] => ПК,Компьютеры,принтер,программа,программирования,python,цифровая,бизнес-процесс,1с,базы данных,интернет вещей,блокчейн,сервер,компьютерного оборудования,провайдер,информационно-коммуникационной,компьютерный класс
    [sort] => -signDate
    [perpage] => 1
)

28.03.2021 09:45:01 
Array
(
    [pricerange] => 24692-33406
    [currentstage] => EC
    [customerregion] => 28
    [daterange] => 28.12.2020-28.03.2021
    [productsearchlist] => ПК,Компьютеры,принтер,программа,программирования,python,цифровая,бизнес-процесс,1с,базы данных,интернет вещей,блокчейн,сервер,компьютерного оборудования,провайдер,информационно-коммуникационной,компьютерный класс
    [sort] => -signDate
    [perpage] => 1
)

28.03.2021 09:46:54 
Array
(
    [pricerange] => 283490-383545
    [currentstage] => EC
    [customerregion] => 43
    [daterange] => 28.12.2020-28.03.2021
    [productsearchlist] => ПК,Компьютеры,принтер,программа,программирования,python,цифровая,бизнес-процесс,1с,базы данных,интернет вещей,блокчейн,сервер,компьютерного оборудования,провайдер,информационно-коммуникационной,компьютерный класс
    [sort] => -signDate
    [perpage] => 1
)

28.03.2021 09:47:14 
Array
(
    [pricerange] => 283490-383545
    [currentstage] => EC
    [customerregion] => 42
    [daterange] => 28.12.2020-28.03.2021
    [productsearchlist] => ПК,Компьютеры,принтер,программа,программирования,python,цифровая,бизнес-процесс,1с,базы данных,интернет вещей,блокчейн,сервер,компьютерного оборудования,провайдер,информационно-коммуникационной,компьютерный класс
    [sort] => -signDate
    [perpage] => 1
)

28.03.2021 09:47:33 
Array
(
    [pricerange] => 283490-383545
    [currentstage] => EC
    [customerregion] => 41
    [daterange] => 28.12.2020-28.03.2021
    [productsearchlist] => ПК,Компьютеры,принтер,программа,программирования,python,цифровая,бизнес-процесс,1с,базы данных,интернет вещей,блокчейн,сервер,компьютерного оборудования,провайдер,информационно-коммуникационной,компьютерный класс
    [sort] => -signDate
    [perpage] => 1
)

28.03.2021 09:48:00 
Array
(
    [pricerange] => 283490-383545
    [currentstage] => EC
    [customerregion] => 40
    [daterange] => 28.12.2020-28.03.2021
    [productsearchlist] => Станок,производство,объект инфраструктуры,производственный процесс,умное производство,производственное оборудование,производственных объектов,чпу,токарный станок,оборудование для производства,фрезерный станок,атомный
    [sort] => -signDate
    [perpage] => 1
)

28.03.2021 09:48:20 
Array
(
    [pricerange] => 283490-383545
    [currentstage] => EC
    [customerregion] => 39
    [daterange] => 28.12.2020-28.03.2021
    [productsearchlist] => ПК,Компьютеры,принтер,программа,программирования,python,цифровая,бизнес-процесс,1с,базы данных,интернет вещей,блокчейн,сервер,компьютерного оборудования,провайдер,информационно-коммуникационной,компьютерный класс
    [sort] => -signDate
    [perpage] => 1
)

28.03.2021 09:48:30 
Array
(
    [pricerange] => 283490-383545
    [currentstage] => EC
    [customerregion] => 38
    [daterange] => 28.12.2020-28.03.2021
    [productsearchlist] => ПК,Компьютеры,принтер,программа,программирования,python,цифровая,бизнес-процесс,1с,базы данных,интернет вещей,блокчейн,сервер,компьютерного оборудования,провайдер,информационно-коммуникационной,компьютерный класс
    [sort] => -signDate
    [perpage] => 1
)

28.03.2021 09:48:43 
Array
(
    [pricerange] => 283490-383545
    [currentstage] => EC
    [customerregion] => 77
    [daterange] => 28.12.2020-28.03.2021
    [productsearchlist] => ПК,Компьютеры,принтер,программа,программирования,python,цифровая,бизнес-процесс,1с,базы данных,интернет вещей,блокчейн,сервер,компьютерного оборудования,провайдер,информационно-коммуникационной,компьютерный класс
    [sort] => -signDate
    [perpage] => 1
)

28.03.2021 10:03:39 
Array
(
    [pricerange] => 797315-1078720
    [currentstage] => EC
    [customerregion] => 77
    [daterange] => 28.12.2020-28.03.2021
    [productsearchlist] => ПК,Компьютеры,принтер,программа,программирования,python,цифровая,бизнес-процесс,1с,базы данных,интернет вещей,блокчейн,сервер,компьютерного оборудования,провайдер,информационно-коммуникационной,компьютерный класс
    [sort] => -signDate
    [perpage] => 1
)

28.03.2021 10:07:32 
Array
(
    [pricerange] => 797315-1078720
    [currentstage] => EC
    [customerregion] => 52
    [daterange] => 28.12.2020-28.03.2021
    [productsearchlist] => 
    [sort] => -signDate
    [perpage] => 1
)

28.03.2021 10:11:33 
Array
(
    [pricerange] => 797315-1078720
    [currentstage] => EC
    [customerregion] => 32
    [daterange] => 28.12.2020-28.03.2021
    [productsearchlist] => Станок,производство,объект инфраструктуры,производственный процесс,умное производство,производственное оборудование,производственных объектов,чпу,токарный станок,оборудование для производства,фрезерный станок,атомный
    [sort] => -signDate
    [perpage] => 1
)

28.03.2021 10:24:05 
Array
(
    [pricerange] => 410311-555127
    [currentstage] => EC
    [customerregion] => 77
    [daterange] => 28.12.2020-28.03.2021
    [productsearchlist] => ПК,Компьютеры,принтер,программа,программирования,python,цифровая,бизнес-процесс,1с,базы данных,интернет вещей,блокчейн,сервер,компьютерного оборудования,провайдер,информационно-коммуникационной,компьютерный класс
    [sort] => -signDate
    [perpage] => 1
)

28.03.2021 10:26:12 
Array
(
    [contractProcedure] => Array
        (
            [paymentDocuments] => Array
                (
                    [attachment] => Array
                        (
                            [publishedContentId] => BD18A0BA057F0979E05324548D0AAFAF
                            [url] => https://zakupki.gov.ru/44fz/filestore/public/1.0/download/rgk2/file.html?uid=BD18A0BA057F0979E05324548D0AAFAF
                            [docRegNumber] => 33214002748210000210006
                            [docDescription] => Дог 9-ГЭ п.п
                            [fileName] => Дог 9-ГЭ п.п.PDF
                        )

                )

            [modificationReason] => корректировка
            [receiptDocuments] => Array
                (
                    [attachment] => Array
                        (
                            [publishedContentId] => BD19F1432403E567E05324548D0A971E
                            [url] => https://zakupki.gov.ru/44fz/filestore/public/1.0/download/rgk2/file.html?uid=BD19F1432403E567E05324548D0A971E
                            [docRegNumber] => 33214002748210000210005
                            [docDescription] => сч. 9-ГЭ
                            [fileName] => сч. 9-ГЭ.PDF
                        )

                )

            [publishDate] => 2021-03-09T17:30:27.974+03:00
            [executions] => Array
                (
                    [execution] => Array
                        (
                            [0] => Array
                                (
                                    [payDoc] => Array
                                        (
                                            [documentName] => Платежный документ
                                            [documentDate] => 2021-03-04
                                            [payDocTypeInfo] => Array
                                                (
                                                    [docAcceptancePayDoc] => Array
                                                        (
                                                            [isDocAcceptancePayDoc] => true
                                                            [payDocToDocAcceptanceCompliances] => Array
                                                                (
                                                                    [docAcceptance] => Array
                                                                        (
                                                                            [documentDate] => 2021-02-24+03:00
                                                                            [name] => Прочие документы о приемке, не указанные выше
                                                                            [documentNum] => 9-ГЭ
                                                                            [sid] => 363031503
                                                                        )

                                                                )

                                                        )

                                                )

                                            [documentNum] => 688438
                                            [sid] => 363031227
                                        )

                                    [paidRUR] => 148000.00
                                    [improperExecutionText] => Отсутствует
                                    [paid] => 148000.00
                                    [paidVATRUR] => 0.00
                                    [currency] => Array
                                        (
                                            [code] => RUB
                                            [name] => Российский рубль
                                        )

                                    [paidVAT] => 0.00
                                )

                            [1] => Array
                                (
                                    [product] => Проведение государственной экспертизы проектной документации и результатов инженерных изысканий по объекту «Строительство водопроводной сети ул.Степной д.Хохловка Карачевского района Брянской области» (71.20.19.111): 1,00 ;
                                    [improperExecutionText] => Отсутствует
                                    [paid] => 0.00
                                    [paidVATRUR] => 0.00
                                    [currency] => Array
                                        (
                                            [code] => RUB
                                            [name] => Российский рубль
                                        )

                                    [docAcceptance] => Array
                                        (
                                            [fulfilmentSum] => 148000
                                            [code] => 99
                                            [name] => Прочие документы о приемке, не указанные выше
                                            [documentDate] => 2021-02-24
                                            [deliveryAcceptDate] => 2021-03-03
                                            [documentNum] => 9-ГЭ
                                            [sid] => 363031503
                                            [fulfilmentSumRUR] => 148000
                                        )

                                    [quantityContractSubjects] => Array
                                        (
                                            [quantityContractSubject] => Array
                                                (
                                                    [product] => Array
                                                        (
                                                            [name] => Проведение государственной экспертизы проектной документации и результатов инженерных изысканий по объекту «Строительство водопроводной сети ул.Степной д.Хохловка Карачевского района Брянской области»
                                                            [OKEI] => Array
                                                                (
                                                                    [trueNationalCode] => УСЛ ЕД
                                                                    [fullName] => Условная единица
                                                                    [code] => 876
                                                                    [nationalCode] => УСЛ ЕД
                                                                    [nationalName] => усл. ед
                                                                )

                                                            [previouslySuppliedQuantity] => 0
                                                            [OKPD2] => Array
                                                                (
                                                                    [code] => 71.20.19.111
                                                                    [name] => Услуги по проведению государственной экспертизы проектной документации, запасов полезных ископаемых и подземных вод, геологической информации о предоставляемых в пользование участках недр, результатов инженерных изысканий
                                                                )

                                                            [VATRate] => n
                                                            [type] => SERVICE
                                                        )

                                                    [unitPrice] => 148000
                                                    [nomenclature] => Проведение государственной экспертизы проектной документации и результатов инженерных изысканий по объекту «Строительство водопроводной сети ул.Степной д.Хохловка Карачевского района Брянской области»
                                                    [sid] => 289233335
                                                    [fulfilledCost] => 148000
                                                    [indexNum] => 1
                                                    [quantity] => 1
                                                )

                                        )

                                )

                        )

                    [finalStageExecution] => true
                    [ordinalNumber] => 1
                    [stage] => Array
                        (
                            [endDate] => 2021-04-26T00:00:00
                        )

                )

            [okpd2okved2] => false
            [versionNumber] => 0
            [printForm] => Array
                (
                    [url] => https://zakupki.gov.ru/epz/contract/printForm/view.html?contractProcedureId=139038112
                    [docRegNumber] => 33214002748210000210004
                )

            [id] => 139038112
            [@schemeVersion] => 11.0
        )

    [scan] => Array
        (
            [0] => Array
                (
                    [url] => https://zakupki.gov.ru/44fz/filestore/public/1.0/download/rgk2/file.html?uid=BC2426FCD053D230E05324548D0A4087
                    [docDescription] => 02 SCAN0042
                    [fileName] => 02 SCAN0042.PDF
                )

            [1] => Array
                (
                    [url] => https://zakupki.gov.ru/44fz/filestore/public/1.0/download/rgk2/file.html?uid=BC242DF1DBEAD244E05324548D0A834F
                    [docDescription] => 02 Отчет заказчика
                    [fileName] => 02 Отчет заказчика.doc
                )

        )

    [number] => 9-ГЭ
    [currentContractStage] => EC
    [id] => 64081761
    [fileVersion] => 2021030100_004
    [regionCode] => 32
    [contractUrl] => http://zakupki.gov.ru/epz/contract/contractCard/common-info.html?reestrNumber=3321400274821000021
    [singleCustomerReason] => Array
        (
            [code] => 20040
            [name] => Закупка работы или услуги, выполнение или оказание которых может осуществляться только органом исполнительной власти в соответствии с его полномочиями, либо подведомственными ему государственным учреждением, государственным унитарным предприятием, либо акционерным обществом, сто процентов акций которого принадлежит Российской Федерации, соответствующие полномочия которых устанавливаются федеральными законами, нормативными правовыми актами Президента Российской Федерации, нормативными правовыми актами Правительства Российской Федерации, законодательными актами соответствующего субъекта Российской Федерации
        )

    [signDate] => 2021-02-24T00:00:00
    [price] => 148000
    [foundation] => Array
        (
            [fcsOrder] => Array
                (
                    [purchaseCode] => 213321400274832450100100580027120414
                )

        )

    [fz] => 44
    [protocolDate] => 2021-02-20
    [publishDate] => 2021-02-25T15:40:38.837+03:00
    [regNum] => 3321400274821000021
    [versionNumber] => 0
    [schemaVersion] => 11.0
    [execution] => Array
        (
            [startDate] => 2021-02-24T00:00:00
            [endDate] => 2021-04-26T00:00:00
        )

    [customer] => Array
        (
            [kpp] => 324501001
            [regNum] => 01273000041
            [fullName] => АДМИНИСТРАЦИЯ КАРАЧЕВСКОГО РАЙОНА
            [inn] => 3214002748
            [postalAddress] => Российская Федерация, 242500, Брянская обл, Карачев г, СОВЕТСКАЯ, 64
        )

    [currency] => Array
        (
            [code] => RUB
            [name] => Российский рубль
        )

    [suppliers] => Array
        (
            [0] => Array
                (
                    [kpp] => 325701001
                    [factualAddress] => 241050, ОБЛ БРЯНСКАЯ 32, Г БРЯНСК, УЛ ГРИБОЕДОВА, ДОМ 5
                    [organizationName] => АВТОНОМНОЕ УЧРЕЖДЕНИЕ БРЯНСКОЙ ОБЛАСТИ "ГОСУДАРСТВЕННАЯ ЭКСПЕРТИЗА ПРОЕКТОВ БРЯНСКОЙ ОБЛАСТИ"
                    [legalForm] => Array
                        (
                            [code] => 75201
                            [singularName] => Государственные автономные учреждения субъектов Российской Федерации
                        )

                    [inn] => 3234008586
                    [participantType] => U
                    [contactInfo] => Array
                        (
                            [middleName] => Михайловна
                            [lastName] => Мельниченко
                            [firstName] => Евгения
                        )

                )

        )

    [loadId] => 1526
    [finances] => Array
        (
            [budgetLevel] => Array
                (
                    [code] => 03
                )

            [budgetFunds] => Array
                (
                    [budgetLevel] => 30
                    [stages] => Array
                        (
                            [0] => Array
                                (
                                    [guid] => E3FCC0372ABE442191FEFE965FDD2D61
                                    [endDate] => 2021-04-26T00:00:00
                                    [payments] => Array
                                        (
                                            [0] => Array
                                                (
                                                    [paymentSum] => 148000.00
                                                    [paymentYear] => 2021
                                                    [paymentSumRUR] => 148000.00
                                                    [paymentMonth] => 4
                                                    [KBK] => 90905020105281740414
                                                )

                                        )

                                    [sid] => 67844028
                                )

                        )

                    [OKTMO] => Array
                        (
                            [code] => 15624000
                            [name] => Карачевский муниципальный район
                        )

                )

            [budget] => Array
                (
                    [code] => 27030222
                    [name] => бюджет Карачевского муниципального района Брянской области
                )

        )

    [mongo_id] => 6046c070878ec33d7a1de399
    [products] => Array
        (
            [0] => Array
                (
                    [name] => Проведение государственной экспертизы проектной документации и результатов инженерных изысканий по объекту «Строительство водопроводной сети ул.Степной д.Хохловка Карачевского района Брянской области»
                    [OKEI] => Array
                        (
                            [code] => 876
                            [name] => УСЛ ЕД
                        )

                    [price] => 148000
                    [OKPD2] => Array
                        (
                            [code] => 71.20.19.111
                            [name] => Услуги по проведению государственной экспертизы проектной документации, запасов полезных ископаемых и подземных вод, геологической информации о предоставляемых в пользование участках недр, результатов инженерных изысканий
                        )

                    [sid] => 289233335
                    [sum] => 148000
                    [quantity] => 1
                )

        )

    [printFormUrl] => https://zakupki.gov.ru/epz/contract/printForm/view.html?contractInfoId=64081761
)

